Code Releases/WORM-SP copy 2/app/build/outputs/apk/manifest-merger-debug-report.txt
-- Merging decision tree log ---
manifest
ADDED from AndroidManifest.xml:2:1
	xmlns:android
		ADDED from AndroidManifest.xml:2:11
	package
		ADDED from AndroidManifest.xml:3:11
		INJECTED from AndroidManifest.xml:0:0
		INJECTED from AndroidManifest.xml:0:0
	android:versionName
		ADDED from AndroidManifest.xml:5:11
	android:versionCode
		ADDED from AndroidManifest.xml:4:11
		INJECTED from AndroidManifest.xml:0:0
		INJECTED from AndroidManifest.xml:0:0
supports-screens
ADDED from AndroidManifest.xml:7:5
	android:resizeable
		ADDED from AndroidManifest.xml:7:23
	android:largeScreens
		ADDED from AndroidManifest.xml:9:21
	android:normalScreens
		ADDED from AndroidManifest.xml:8:21
	android:xlargeScreens
		ADDED from AndroidManifest.xml:10:21
compatible-screens
ADDED from AndroidManifest.xml:12:5
screen#normal+ldpi
ADDED from AndroidManifest.xml:14:9
	android:screenSize
		ADDED from AndroidManifest.xml:16:13
	android:screenDensity
		ADDED from AndroidManifest.xml:15:13
screen#normal+mdpi
ADDED from AndroidManifest.xml:17:9
	android:screenSize
		ADDED from AndroidManifest.xml:19:13
	android:screenDensity
		ADDED from AndroidManifest.xml:18:13
screen#normal+hdpi
ADDED from AndroidManifest.xml:20:9
	android:screenSize
		ADDED from AndroidManifest.xml:22:13
	android:screenDensity
		ADDED from AndroidManifest.xml:21:13
screen#normal+xhdpi
ADDED from AndroidManifest.xml:23:9
	android:screenSize
		ADDED from AndroidManifest.xml:25:13
	android:screenDensity
		ADDED from AndroidManifest.xml:24:13
screen#large+hdpi
ADDED from AndroidManifest.xml:27:9
	android:screenSize
		ADDED from AndroidManifest.xml:29:13
	android:screenDensity
		ADDED from AndroidManifest.xml:28:13
screen#large+xhdpi
ADDED from AndroidManifest.xml:30:9
	android:screenSize
		ADDED from AndroidManifest.xml:32:13
	android:screenDensity
		ADDED from AndroidManifest.xml:31:13
screen#xlarge+xhdpi
ADDED from AndroidManifest.xml:37:9
	android:screenSize
		ADDED from AndroidManifest.xml:39:13
	android:screenDensity
		ADDED from AndroidManifest.xml:38:13
uses-sdk
ADDED from AndroidManifest.xml:42:5
MERGED from com.android.support:support-v4:21.0.3:15:5
MERGED from com.android.support:appcompat-v7:21.0.3:15:5
MERGED from com.android.support:support-v4:21.0.3:15:5
	android:targetSdkVersion
		ADDED from AndroidManifest.xml:44:9
		INJECTED from AndroidManifest.xml:0:0
		INJECTED from AndroidManifest.xml:0:0
	android:minSdkVersion
		ADDED from AndroidManifest.xml:43:9
		INJECTED from AndroidManifest.xml:0:0
		INJECTED from AndroidManifest.xml:0:0
android:uses-permission#android.permission.WRITE_EXTERNAL_STORAGE
ADDED from AndroidManifest.xml:46:5
	android:maxSdkVersion
		ADDED from AndroidManifest.xml:48:9
	android:name
		ADDED from AndroidManifest.xml:47:9
android:uses-permission#android.permission.READ_PHONE_STATE
ADDED from AndroidManifest.xml:49:5
	android:name
		ADDED from AndroidManifest.xml:49:30
android:uses-permission#android.permission.READ_EXTERNAL_STORAGE
ADDED from AndroidManifest.xml:50:5
	android:maxSdkVersion
		ADDED from AndroidManifest.xml:52:9
	android:name
		ADDED from AndroidManifest.xml:51:9
application
ADDED from AndroidManifest.xml:54:5
MERGED from com.android.support:support-v4:21.0.3:16:5
MERGED from com.android.support:appcompat-v7:21.0.3:16:5
MERGED from com.android.support:support-v4:21.0.3:16:5
	android:label
		ADDED from AndroidManifest.xml:57:9
	android:allowBackup
		ADDED from AndroidManifest.xml:55:9
	android:icon
		ADDED from AndroidManifest.xml:56:9
	android:theme
		ADDED from AndroidManifest.xml:58:9
activity#com.example.wormsubjectplanner.HomeWindow
ADDED from AndroidManifest.xml:59:9
	android:label
		ADDED from AndroidManifest.xml:61:13
	android:name
		ADDED from AndroidManifest.xml:60:13
intent-filter#android.intent.action.MAIN+android.intent.category.LAUNCHER
ADDED from AndroidManifest.xml:62:13
action#android.intent.action.MAIN
ADDED from AndroidManifest.xml:63:17
	android:name
		ADDED from AndroidManifest.xml:63:25
category#android.intent.category.LAUNCHER
ADDED from AndroidManifest.xml:64:17
	android:name
		ADDED from AndroidManifest.xml:64:27
activity#com.example.wormsubjectplanner.SubjectsWindow
ADDED from AndroidManifest.xml:67:9
	android:label
		ADDED from AndroidManifest.xml:69:13
	android:parentActivityName
		ADDED from AndroidManifest.xml:70:13
	android:name
		ADDED from AndroidManifest.xml:68:13
meta-data#android.support.PARENT_ACTIVITY
ADDED from AndroidManifest.xml:71:13
	android:name
		ADDED from AndroidManifest.xml:72:17
	android:value
		ADDED from AndroidManifest.xml:73:17
activity#com.example.wormsubjectplanner.NotesWindow
ADDED from AndroidManifest.xml:75:9
	android:label
		ADDED from AndroidManifest.xml:77:13
	android:parentActivityName
		ADDED from AndroidManifest.xml:78:13
	android:name
		ADDED from AndroidManifest.xml:76:13
activity#com.example.wormsubjectplanner.TasksWindow
ADDED from AndroidManifest.xml:83:9
	android:label
		ADDED from AndroidManifest.xml:85:13
	android:name
		ADDED from AndroidManifest.xml:84:13